2026-06-02 12:31:31.661 [info] [main] Log level: Info
2026-06-02 12:31:31.661 [info] [main] Validating found git in: "git"
2026-06-02 12:31:31.661 [info] [main] Using git "2.53.0" from "git"
2026-06-02 12:31:31.661 [info] [Model][doInitialScan] Initial repository scan started
2026-06-02 12:31:31.661 [info] > git rev-parse --show-toplevel [12ms]
2026-06-02 12:31:31.661 [info] fatal: not a git repository (or any of the parent directories): .git
2026-06-02 12:31:31.661 [info] > git rev-parse --show-toplevel [18ms]
2026-06-02 12:31:31.661 [info] fatal: not a git repository (or any of the parent directories): .git
2026-06-02 12:31:31.661 [info] [Model][doInitialScan] Initial repository scan completed - repositories (0), closed repositories (0), parent repositories (0), unsafe repositories (0)
2026-06-02 12:31:31.661 [info] > git rev-parse --show-toplevel [15ms]
2026-06-02 12:31:31.661 [info] fatal: not a git repository (or any of the parent directories): .git
2026-06-02 12:31:31.669 [info] > git rev-parse --show-toplevel [2ms]
2026-06-02 12:31:31.669 [info] fatal: not a git repository (or any of the parent directories): .git
2026-06-02 12:31:31.764 [info] > git rev-parse --show-toplevel [9ms]
2026-06-02 12:31:31.764 [info] fatal: not a git repository (or any of the parent directories): .git
2026-06-02 12:31:31.774 [info] > git rev-parse --show-toplevel [2ms]
2026-06-02 12:31:31.774 [info] fatal: not a git repository (or any of the parent directories): .git
2026-06-02 12:31:32.075 [info] > git rev-parse --show-toplevel [1ms]
2026-06-02 12:31:32.075 [info] fatal: not a git repository (or any of the parent directories): .git
2026-06-02 12:31:32.147 [info] > git rev-parse --show-toplevel [1ms]
2026-06-02 12:31:32.147 [info] fatal: not a git repository (or any of the parent directories): .git
2026-06-02 12:31:32.242 [info] > git rev-parse --show-toplevel [1ms]
2026-06-02 12:31:32.242 [info] fatal: not a git repository (or any of the parent directories): .git
