    OpenRGB v0.9+ (1.0rc2)
    Commit: 0fca93e4544f943d4d7ec8073dba4e47c18ef54b from 2025-09-14 14:31:57 -0500
    Launched: 20251126_145801
====================================================================================================

78    |Info:    [ResourceManager] Saving detector settings
79    |Info:    [ResourceManager] Initializing HID interfaces: Success
79    |Info:    ------------------------------------------------------
79    |Info:    |               Start device detection               |
79    |Info:    ------------------------------------------------------
81    |Info:    ------------------------------------------------------
81    |Info:    |             Detecting I2C interfaces               |
81    |Info:    ------------------------------------------------------
81    |Info:    [ResourceManager] Registering I2C interface: /dev/i2c-3 Device 8086:A788 Subsystem: 1025:166C
81    |Info:    [ResourceManager] Registering I2C interface: /dev/i2c-10 Device 8086:A788 Subsystem: 1025:166C
81    |Info:    [ResourceManager] Registering I2C interface: /dev/i2c-1 Device 0000:0000 Subsystem: 0000:0000
81    |Info:    [ResourceManager] Registering I2C interface: /dev/i2c-17 Device 10DE:27E0 Subsystem: 1025:166C
81    |Info:    [ResourceManager] Registering I2C interface: /dev/i2c-SYNA7DB5:00 Device 0000:0000 Subsystem: 0000:0000
81    |Info:    [ResourceManager] Registering I2C interface: /dev/i2c-8 Device 8086:A788 Subsystem: 1025:166C
81    |Info:    [ResourceManager] Registering I2C interface: /dev/i2c-15 Device 10DE:27E0 Subsystem: 1025:166C
81    |Info:    [ResourceManager] Registering I2C interface: /dev/i2c-6 Device 8086:A788 Subsystem: 1025:166C
81    |Info:    [ResourceManager] Registering I2C interface: /dev/i2c-13 Device 10DE:27E0 Subsystem: 1025:166C
81    |Info:    [ResourceManager] Registering I2C interface: /dev/i2c-4 Device 8086:A788 Subsystem: 1025:166C
81    |Info:    [ResourceManager] Registering I2C interface: /dev/i2c-11 Device 8086:A788 Subsystem: 1025:166C
82    |Info:    [ResourceManager] Registering I2C interface: /dev/i2c-2 Device 8086:7A23 Subsystem: 1025:166C
82    |Info:    [ResourceManager] Registering I2C interface: /dev/i2c-0 Device 0000:0000 Subsystem: 0000:0000
82    |Info:    [ResourceManager] Registering I2C interface: /dev/i2c-9 Device 8086:A788 Subsystem: 1025:166C
82    |Info:    [ResourceManager] Registering I2C interface: /dev/i2c-16 Device 10DE:27E0 Subsystem: 1025:166C
82    |Info:    [ResourceManager] Registering I2C interface: /dev/i2c-7 Device 8086:A788 Subsystem: 1025:166C
82    |Info:    [ResourceManager] Registering I2C interface: /dev/i2c-14 Device 10DE:27E0 Subsystem: 1025:166C
82    |Info:    [ResourceManager] Registering I2C interface: /dev/i2c-5 Device 8086:A788 Subsystem: 1025:166C
82    |Warning: [i2c_smbus_linux] Failed to read i2c device PCI device ID
82    |Info:    [ResourceManager] Registering I2C interface: /dev/i2c-12 Device 0000:0000 Subsystem: 0000:0000
82    |Info:    ------------------------------------------------------
82    |Info:    |               Detecting I2C devices                |
82    |Info:    ------------------------------------------------------
379   |Info:    ------------------------------------------------------
379   |Info:    |            Detecting I2C DIMM modules              |
379   |Info:    ------------------------------------------------------
407   |Info:    ------------------------------------------------------
407   |Info:    |               Detecting I2C PCI devices            |
407   |Info:    ------------------------------------------------------
411   |Info:    ------------------------------------------------------
411   |Info:    |               Detecting HID devices                |
411   |Info:    ------------------------------------------------------
411   |Info:    ------------------------------------------------------
411   |Info:    |            Detecting libusb HID devices            |
411   |Info:    ------------------------------------------------------
411   |Info:    ------------------------------------------------------
411   |Info:    |              Detecting other devices               |
411   |Info:    ------------------------------------------------------
2367  |Info:    [ResourceManager] Calling Post-detection callbacks
2367  |Info:    ------------------------------------------------------
2367  |Info:    |                Detection completed                 |
2367  |Info:    ------------------------------------------------------
2367  |Dialog:  <h2>WARNING:</h2><p>The OpenRGB udev rules are not installed.</p><p>Most devices will not be available unless running OpenRGB as root.</p><p>If using AppImage, Flatpak, or self-compiled versions of OpenRGB you must install the udev rules manually</p><p>See <a href='https://openrgb.org/udev'>https://openrgb.org/udev</a> to install the udev rules manually</p>
