    OpenRGB v0.9+ (1.0rc2)
    Commit: 0fca93e4544f943d4d7ec8073dba4e47c18ef54b from 2025-09-14 14:31:57 -0500
    Launched: 20251126_150009
====================================================================================================

75    |Info:    [ResourceManager] Initializing HID interfaces: Success
75    |Info:    ------------------------------------------------------
75    |Info:    |               Start device detection               |
75    |Info:    ------------------------------------------------------
77    |Info:    ------------------------------------------------------
77    |Info:    |             Detecting I2C interfaces               |
77    |Info:    ------------------------------------------------------
77    |Info:    [ResourceManager] Registering I2C interface: /dev/i2c-3 Device 8086:A788 Subsystem: 1025:166C
77    |Info:    [ResourceManager] Registering I2C interface: /dev/i2c-10 Device 8086:A788 Subsystem: 1025:166C
78    |Info:    [ResourceManager] Registering I2C interface: /dev/i2c-1 Device 0000:0000 Subsystem: 0000:0000
78    |Info:    [ResourceManager] Registering I2C interface: /dev/i2c-17 Device 10DE:27E0 Subsystem: 1025:166C
78    |Info:    [ResourceManager] Registering I2C interface: /dev/i2c-SYNA7DB5:00 Device 0000:0000 Subsystem: 0000:0000
78    |Info:    [ResourceManager] Registering I2C interface: /dev/i2c-8 Device 8086:A788 Subsystem: 1025:166C
78    |Info:    [ResourceManager] Registering I2C interface: /dev/i2c-15 Device 10DE:27E0 Subsystem: 1025:166C
78    |Info:    [ResourceManager] Registering I2C interface: /dev/i2c-6 Device 8086:A788 Subsystem: 1025:166C
78    |Info:    [ResourceManager] Registering I2C interface: /dev/i2c-13 Device 10DE:27E0 Subsystem: 1025:166C
78    |Info:    [ResourceManager] Registering I2C interface: /dev/i2c-4 Device 8086:A788 Subsystem: 1025:166C
78    |Info:    [ResourceManager] Registering I2C interface: /dev/i2c-11 Device 8086:A788 Subsystem: 1025:166C
78    |Info:    [ResourceManager] Registering I2C interface: /dev/i2c-2 Device 8086:7A23 Subsystem: 1025:166C
78    |Info:    [ResourceManager] Registering I2C interface: /dev/i2c-0 Device 0000:0000 Subsystem: 0000:0000
78    |Info:    [ResourceManager] Registering I2C interface: /dev/i2c-9 Device 8086:A788 Subsystem: 1025:166C
78    |Info:    [ResourceManager] Registering I2C interface: /dev/i2c-16 Device 10DE:27E0 Subsystem: 1025:166C
78    |Info:    [ResourceManager] Registering I2C interface: /dev/i2c-7 Device 8086:A788 Subsystem: 1025:166C
78    |Info:    [ResourceManager] Registering I2C interface: /dev/i2c-14 Device 10DE:27E0 Subsystem: 1025:166C
78    |Info:    [ResourceManager] Registering I2C interface: /dev/i2c-5 Device 8086:A788 Subsystem: 1025:166C
78    |Warning: [i2c_smbus_linux] Failed to read i2c device PCI device ID
78    |Info:    [ResourceManager] Registering I2C interface: /dev/i2c-12 Device 0000:0000 Subsystem: 0000:0000
78    |Info:    ------------------------------------------------------
78    |Info:    |               Detecting I2C devices                |
78    |Info:    ------------------------------------------------------
6566  |Info:    ------------------------------------------------------
6566  |Info:    |            Detecting I2C DIMM modules              |
6566  |Info:    ------------------------------------------------------
6579  |Info:    [ResourceManager] Detected occupied slot 1, bus 11, type DDR5
6598  |Info:    [ResourceManager] Detected occupied slot 3, bus 11, type DDR5
6687  |Info:    ------------------------------------------------------
6687  |Info:    |               Detecting I2C PCI devices            |
6687  |Info:    ------------------------------------------------------
6691  |Info:    ------------------------------------------------------
6691  |Info:    |               Detecting HID devices                |
6691  |Info:    ------------------------------------------------------
6691  |Info:    ------------------------------------------------------
6691  |Info:    |            Detecting libusb HID devices            |
6691  |Info:    ------------------------------------------------------
6692  |Info:    ------------------------------------------------------
6692  |Info:    |              Detecting other devices               |
6692  |Info:    ------------------------------------------------------
8634  |Info:    [ResourceManager] Calling Post-detection callbacks
8634  |Info:    ------------------------------------------------------
8634  |Info:    |                Detection completed                 |
8634  |Info:    ------------------------------------------------------
8634  |Dialog:  <h2>Some internal devices may not be detected:</h2><p>One or more I2C or SMBus interfaces failed to initialize.</p><p><b>RGB DRAM modules, some motherboards' onboard RGB lighting, and RGB Graphics Cards, will not be available in OpenRGB</b> without I2C or SMBus.</p><h4>How to fix this:</h4><p>On Linux, this is usually because the i2c-dev module is not loaded.</p><p>You must load the i2c-dev module along with the correct i2c driver for your motherboard. This is usually i2c-piix4 for AMD systems and i2c-i801 for Intel systems.</p><p>See <a href='https://help.openrgb.org/'>help.openrgb.org</a> for additional troubleshooting steps if you keep seeing this message.<br></p><h3>If you are not using internal RGB on a desktop this message is not important to you.</h3>
52467 |Info:    [ResourceManager] Initializing HID interfaces: Success
52467 |Info:    ------------------------------------------------------
52467 |Info:    |               Start device detection               |
52467 |Info:    ------------------------------------------------------
52471 |Info:    ------------------------------------------------------
52471 |Info:    |             Detecting I2C interfaces               |
52471 |Info:    ------------------------------------------------------
52471 |Info:    [ResourceManager] Registering I2C interface: /dev/i2c-3 Device 8086:A788 Subsystem: 1025:166C
52471 |Info:    [ResourceManager] Registering I2C interface: /dev/i2c-10 Device 8086:A788 Subsystem: 1025:166C
52471 |Info:    [ResourceManager] Registering I2C interface: /dev/i2c-1 Device 0000:0000 Subsystem: 0000:0000
52471 |Info:    [ResourceManager] Registering I2C interface: /dev/i2c-17 Device 10DE:27E0 Subsystem: 1025:166C
52471 |Info:    [ResourceManager] Registering I2C interface: /dev/i2c-SYNA7DB5:00 Device 0000:0000 Subsystem: 0000:0000
52471 |Info:    [ResourceManager] Registering I2C interface: /dev/i2c-8 Device 8086:A788 Subsystem: 1025:166C
52471 |Info:    [ResourceManager] Registering I2C interface: /dev/i2c-15 Device 10DE:27E0 Subsystem: 1025:166C
52471 |Info:    [ResourceManager] Registering I2C interface: /dev/i2c-6 Device 8086:A788 Subsystem: 1025:166C
52471 |Info:    [ResourceManager] Registering I2C interface: /dev/i2c-13 Device 10DE:27E0 Subsystem: 1025:166C
52472 |Info:    [ResourceManager] Registering I2C interface: /dev/i2c-4 Device 8086:A788 Subsystem: 1025:166C
52472 |Info:    [ResourceManager] Registering I2C interface: /dev/i2c-11 Device 8086:A788 Subsystem: 1025:166C
52472 |Info:    [ResourceManager] Registering I2C interface: /dev/i2c-2 Device 8086:7A23 Subsystem: 1025:166C
52472 |Info:    [ResourceManager] Registering I2C interface: /dev/i2c-0 Device 0000:0000 Subsystem: 0000:0000
52472 |Info:    [ResourceManager] Registering I2C interface: /dev/i2c-9 Device 8086:A788 Subsystem: 1025:166C
52472 |Info:    [ResourceManager] Registering I2C interface: /dev/i2c-16 Device 10DE:27E0 Subsystem: 1025:166C
52472 |Info:    [ResourceManager] Registering I2C interface: /dev/i2c-7 Device 8086:A788 Subsystem: 1025:166C
52472 |Info:    [ResourceManager] Registering I2C interface: /dev/i2c-14 Device 10DE:27E0 Subsystem: 1025:166C
52472 |Info:    [ResourceManager] Registering I2C interface: /dev/i2c-5 Device 8086:A788 Subsystem: 1025:166C
52472 |Warning: [i2c_smbus_linux] Failed to read i2c device PCI device ID
52472 |Info:    [ResourceManager] Registering I2C interface: /dev/i2c-12 Device 0000:0000 Subsystem: 0000:0000
52472 |Info:    ------------------------------------------------------
52472 |Info:    |               Detecting I2C devices                |
52472 |Info:    ------------------------------------------------------
58980 |Info:    ------------------------------------------------------
58980 |Info:    |            Detecting I2C DIMM modules              |
58980 |Info:    ------------------------------------------------------
58993 |Info:    [ResourceManager] Detected occupied slot 1, bus 11, type DDR5
59012 |Info:    [ResourceManager] Detected occupied slot 3, bus 11, type DDR5
59102 |Info:    ------------------------------------------------------
59102 |Info:    |               Detecting I2C PCI devices            |
59102 |Info:    ------------------------------------------------------
59106 |Info:    ------------------------------------------------------
59106 |Info:    |               Detecting HID devices                |
59106 |Info:    ------------------------------------------------------
59106 |Info:    ------------------------------------------------------
59106 |Info:    |            Detecting libusb HID devices            |
59106 |Info:    ------------------------------------------------------
59107 |Info:    ------------------------------------------------------
59107 |Info:    |              Detecting other devices               |
59107 |Info:    ------------------------------------------------------
61030 |Info:    [ResourceManager] Calling Post-detection callbacks
61030 |Info:    ------------------------------------------------------
61030 |Info:    |                Detection completed                 |
61030 |Info:    ------------------------------------------------------
61030 |Dialog:  <h2>Some internal devices may not be detected:</h2><p>One or more I2C or SMBus interfaces failed to initialize.</p><p><b>RGB DRAM modules, some motherboards' onboard RGB lighting, and RGB Graphics Cards, will not be available in OpenRGB</b> without I2C or SMBus.</p><h4>How to fix this:</h4><p>On Linux, this is usually because the i2c-dev module is not loaded.</p><p>You must load the i2c-dev module along with the correct i2c driver for your motherboard. This is usually i2c-piix4 for AMD systems and i2c-i801 for Intel systems.</p><p>See <a href='https://help.openrgb.org/'>help.openrgb.org</a> for additional troubleshooting steps if you keep seeing this message.<br></p><h3>If you are not using internal RGB on a desktop this message is not important to you.</h3>
