2026-05-28 12:49:58.870 [info] Extension host with pid 11252 started
2026-05-28 12:49:58.913 [info] ExtensionService#_doActivateExtension vscode.github-authentication, startup: false, activationEvent: 'onAuthenticationRequest:github'
2026-05-28 12:49:58.946 [info] ExtensionService#_doActivateExtension vscode.emmet, startup: false, activationEvent: 'onLanguage'
2026-05-28 12:49:59.029 [info] ExtensionService#_doActivateExtension vscode.git-base, startup: true, activationEvent: '*', root cause: vscode.git
2026-05-28 12:49:59.053 [info] ExtensionService#_doActivateExtension vscode.git, startup: true, activationEvent: '*'
2026-05-28 12:49:59.155 [info] ExtensionService#_doActivateExtension vscode.github, startup: true, activationEvent: '*'
2026-05-28 12:49:59.314 [info] Eager extensions activated
2026-05-28 12:49:59.524 [info] ExtensionService#_doActivateExtension vscode.debug-auto-launch, startup: false, activationEvent: 'onStartupFinished'
2026-05-28 12:49:59.525 [info] ExtensionService#_doActivateExtension vscode.merge-conflict, startup: false, activationEvent: 'onStartupFinished'
2026-05-28 12:50:36.686 [info] Extension host terminating: received terminate message from renderer
2026-05-28 12:50:36.713 [info] Extension host with pid 11252 exiting with code 0
2026-05-28 12:50:37.873 [info] Extension host with pid 11814 started
2026-05-28 12:50:37.873 [info] Skipping acquiring lock for /home/lorey/.config/Code/User/workspaceStorage/867e06368105bfef2798c69a25abb85a.
2026-05-28 12:50:37.895 [info] ExtensionService#_doActivateExtension vscode.github-authentication, startup: false, activationEvent: 'onAuthenticationRequest:github'
2026-05-28 12:50:37.925 [info] ExtensionService#_doActivateExtension vscode.emmet, startup: false, activationEvent: 'onLanguage'
2026-05-28 12:50:37.990 [info] ExtensionService#_doActivateExtension vscode.git-base, startup: true, activationEvent: '*'
2026-05-28 12:50:37.997 [info] ExtensionService#_doActivateExtension vscode.github, startup: true, activationEvent: '*'
2026-05-28 12:50:38.023 [info] Eager extensions activated
2026-05-28 12:50:38.042 [info] ExtensionService#_doActivateExtension vscode.debug-auto-launch, startup: false, activationEvent: 'onStartupFinished'
2026-05-28 12:50:38.043 [info] ExtensionService#_doActivateExtension vscode.merge-conflict, startup: false, activationEvent: 'onStartupFinished'
2026-05-28 12:50:42.586 [info] ExtensionService#_doActivateExtension vscode.git, startup: false, activationEvent: 'api', root cause: vscode.github
2026-05-28 12:51:05.487 [info] ExtensionService#_doActivateExtension vscode.configuration-editing, startup: false, activationEvent: 'onLanguage:jsonc'
2026-05-28 12:51:05.503 [info] ExtensionService#_doActivateExtension vscode.json-language-features, startup: false, activationEvent: 'onLanguage:jsonc'
2026-05-28 12:51:05.668 [info] ExtensionService#_doActivateExtension vscode.typescript-language-features, startup: false, activationEvent: 'onLanguage:jsonc'
2026-05-28 13:20:15.083 [info] ExtensionService#_doActivateExtension vscode.terminal-suggest, startup: false, activationEvent: 'onTerminalShellIntegration:*'
2026-05-28 13:28:56.895 [info] ExtensionService#_doActivateExtension vscode.npm, startup: false, activationEvent: 'onTerminalQuickFixRequest:ms-vscode.npm-command'
2026-05-28 14:46:27.249 [info] Extension host terminating: received terminate message from renderer
2026-05-28 14:46:27.281 [info] Extension host with pid 11814 exiting with code 0
