2026-05-28 12:49:59.319 [info] [main] Log level: Info
2026-05-28 12:49:59.319 [info] [main] Validating found git in: "git"
2026-05-28 12:49:59.319 [info] [main] Using git "2.53.0" from "git"
2026-05-28 12:49:59.319 [info] [Model][doInitialScan] Initial repository scan started
2026-05-28 12:49:59.319 [info] [Model][doInitialScan] Initial repository scan completed - repositories (0), closed repositories (0), parent repositories (0), unsafe repositories (0)
2026-05-28 12:50:42.745 [info] [main] Log level: Info
2026-05-28 12:50:42.745 [info] [main] Validating found git in: "git"
2026-05-28 12:50:42.745 [info] [main] Using git "2.53.0" from "git"
2026-05-28 12:50:42.745 [info] [Model][doInitialScan] Initial repository scan started
2026-05-28 12:50:42.745 [info] > git rev-parse --show-toplevel [2ms]
2026-05-28 12:50:42.745 [info] fatal: not a git repository (or any of the parent directories): .git
2026-05-28 12:50:42.745 [info] [Model][doInitialScan] Initial repository scan completed - repositories (0), closed repositories (0), parent repositories (0), unsafe repositories (0)
2026-05-28 12:51:01.188 [info] > git rev-parse --show-toplevel [2ms]
2026-05-28 12:51:01.188 [info] fatal: not a git repository (or any of the parent directories): .git
2026-05-28 12:51:05.821 [info] > git rev-parse --show-toplevel [64ms]
2026-05-28 12:51:05.821 [info] fatal: not a git repository (or any of the parent directories): .git
2026-05-28 13:20:14.320 [info] > git rev-parse --show-toplevel [1ms]
2026-05-28 13:20:14.320 [info] fatal: not a git repository (or any of the parent directories): .git
2026-05-28 13:20:15.185 [info] > git rev-parse --show-toplevel [2ms]
2026-05-28 13:20:15.186 [info] fatal: not a git repository (or any of the parent directories): .git
2026-05-28 13:20:17.688 [info] > git rev-parse --show-toplevel [2ms]
2026-05-28 13:20:17.688 [info] fatal: not a git repository (or any of the parent directories): .git
