[16373][1758762727294][main][info]["Booting Postman 11.64.2, linux-6.14.0-32-generic on x64"]
[16373][1758762727298][main][info]["EventBus~initialize - Success"]
[16373][1758762727301][main][info]["Proxy configuration has not been setup"]
[16373][1758762727302][main][info]["CloudProxyManager~init - Success"]
[16373][1758762727370][main][info]["performShellDataMigration: Starting shell data migration"]
[16373][1758762727371][main][info]["migrateShellData:Starting"]
[16373][1758762727376][main][info]["migrateShellData: Old storage cleaned up"]
[16373][1758762729513][main][info]["migrateShellData: Got data from shell. Writing to storage"]
[16373][1758762729525][main][info]["performShellDataMigration: Migration successful on try count 1"]
[16373][1758762729537][main][info]["UpdateHandler~init - Success"]
[16373][1758762729540][main][info]["LeaderSelection: Initialized successfully"]
[16373][1758762729569][main][info]["GPU detected VID 4318 DID 10208 ACTIVE true"]
[16373][1758762729569][main][info]["GPU detected VID 32902 DID 42888 ACTIVE false"]
[16373][1758762729595][main][info]["main.js: Agent started"]
[16373][1758762729595][main][info]["shellController~init: Success"]
[16373][1758762729595][main][info]["shellMeta~init: Success"]
[16373][1758762729595][main][info]["partitionMigrationService: State of V7 partition:"]
[16373][1758762729595][main][info]["partitionMigrationService: V7 partitions",[]]
[16373][1758762729596][main][info]["partitionMigrationService~rectifyNamespaceOfScratchPadPartition: There is no partition with scratchpad namespace"]
[16373][1758762729596][main][info]["partitionMigrationService~rectifyNamespaceOfScratchPadPartition: There is no transit partition which could have been used for scratchpad"]
[16373][1758762729596][main][info]["partitionMigrationService~init: Success"]
[16373][1758762729596][main][info]["partitionMigrationService~runV8PartitionsIntegrity: Two way migration~ removing the following partitions from v8",[]]
[16373][1758762729596][main][info]["userPartitionService~_rectifyTheActivePartitionOfApplication: Setting the active partition to ",null]
[16373][1758762729602][main][info]["LinuxAutoUpdater~Cleanup - Initial cleanup successful"]
[16373][1758762729604][main][info]["newAccountRegionPreferenceService~getPreferenceWithFallback - Preference not found in storage."]
[16373][1758762729604][main][info]["newAccountRegionPreferenceService~getToggleMenuTemplate - Using preference:","useUSRegion"]
[16373][1758762729619][main][info]["userPartitionService~init: Success"]
[16373][1758762729654][main][info]["userPartitionService: State of v8 partition system:"]
[16373][1758762729654][main][info]["shell~init~getPartitionToLoad: loading scratchpad partition"]
[16373][1758762729654][main][info]["userPartitionService: List of partitions:",[]]
[16373][1758762729654][main][info]["userPartitionService: users global meta:",{}]
[16373][1758762729677][main][info]["Main:windowManager~newRequesterWindow: Fetch and update runtime config: undefined"]
[16373][1758762731747][main][info]["RuntimeIPCAgent~started: Success"]
[16373][1758762731764][main][info]["Main~scratchpadThemeAction:: action: set, value: light"]
[16373][1758762731773][main][info]["Main~scratchpadThemeAction:: action: set, value: light"]
[16373][1758762731774][main][info]["Main~scratchpadThemeAction:: action: set, value: light"]
[16373][1758762731786][main][info]["UpdateHandler~app-update-events - Received event",{"name":"checkForElectronVersionUpdated","namespace":"appUpdate"}]
[16373][1758762731790][main][info]["windowManager: First requester booted successfully."]
[16373][1758762731790][main][info]["windowManager~restoreWindows: Restoring requester windows"]
[16373][1758762731791][main][info]["WebVersionService: Initialized successfully with version: undefined"]
[16373][1758762731791][main][info]["Main~AppEvents - Received booted event for process requester.Version undefined UI Version: undefined Desktop Platform Version: 11.64.2"]
[16373][1758790448884][main][info]["WindowManager~closeHandler - Closed Window (id: 2 )"]
[16373][1758790448895][main][info]["Quitting app"]
